# JRE version: OpenJDK Runtime Environment (8.0_112-b05) (build 1.8.0_112-release-b05)
# Java VM: OpenJDK 64-Bit Server VM (25.112-b05 mixed mode bsd-amd64 compressed oops)
Heap:
 PSYoungGen      total 228352K, used 186273K [0x00000007a0000000, 0x00000007b2b80000, 0x00000007c0000000)
  eden space 206336K, 90% used [0x00000007a0000000,0x00000007ab5e86f8,0x00000007ac980000)
  from space 22016K, 0% used [0x00000007ac980000,0x00000007ac980000,0x00000007adf00000)
  to   space 22528K, 0% used [0x00000007b1580000,0x00000007b1580000,0x00000007b2b80000)
 ParOldGen       total 141312K, used 33737K [0x0000000760000000, 0x0000000768a00000, 0x00000007a0000000)
  object space 141312K, 23% used [0x0000000760000000,0x00000007620f2540,0x0000000768a00000)
 Metaspace       used 58809K, capacity 60462K, committed 60544K, reserved 1101824K
  class space    used 7653K, capacity 7999K, committed 8064K, reserved 1048576K
GC Heap History (10 events):
Event: 14.586 GC heap before
{Heap before GC invocations=13 (full 2):
 PSYoungGen      total 177664K, used 177648K [0x00000007a0000000, 0x00000007ac300000, 0x00000007c0000000)
  eden space 164352K, 100% used [0x00000007a0000000,0x00000007aa080000,0x00000007aa080000)
  from space 13312K, 99% used [0x00000007ab100000,0x00000007abdfc010,0x00000007abe00000)
  to   space 16896K, 0% used [0x00000007aa080000,0x00000007aa080000,0x00000007ab100000)
 ParOldGen       total 95232K, used 21798K [0x0000000760000000, 0x0000000765d00000, 0x00000007a0000000)
  object space 95232K, 22% used [0x0000000760000000,0x0000000761549810,0x0000000765d00000)
 Metaspace       used 51732K, capacity 53104K, committed 53376K, reserved 1095680K
  class space    used 6881K, capacity 7196K, committed 7296K, reserved 1048576K
Event: 14.611 GC heap after
Heap after GC invocations=13 (full 2):
 PSYoungGen      total 181248K, used 16661K [0x00000007a0000000, 0x00000007af180000, 0x00000007c0000000)
  eden space 164352K, 0% used [0x00000007a0000000,0x00000007a0000000,0x00000007aa080000)
  from space 16896K, 98% used [0x00000007aa080000,0x00000007ab0c5718,0x00000007ab100000)
  to   space 18944K, 0% used [0x00000007adf00000,0x00000007adf00000,0x00000007af180000)
 ParOldGen       total 95232K, used 21806K [0x0000000760000000, 0x0000000765d00000, 0x00000007a0000000)
  object space 95232K, 22% used [0x0000000760000000,0x000000076154b810,0x0000000765d00000)
 Metaspace       used 51732K, capacity 53104K, committed 53376K, reserved 1095680K
  class space    used 6881K, capacity 7196K, committed 7296K, reserved 1048576K
}
Event: 15.807 GC heap before
{Heap before GC invocations=14 (full 2):
 PSYoungGen      total 181248K, used 81626K [0x00000007a0000000, 0x00000007af180000, 0x00000007c0000000)
  eden space 164352K, 39% used [0x00000007a0000000,0x00000007a3f71210,0x00000007aa080000)
  from space 16896K, 98% used [0x00000007aa080000,0x00000007ab0c5718,0x00000007ab100000)
  to   space 18944K, 0% used [0x00000007adf00000,0x00000007adf00000,0x00000007af180000)
 ParOldGen       total 95232K, used 21806K [0x0000000760000000, 0x0000000765d00000, 0x00000007a0000000)
  object space 95232K, 22% used [0x0000000760000000,0x000000076154b810,0x0000000765d00000)
 Metaspace       used 57567K, capacity 59042K, committed 59136K, reserved 1099776K
  class space    used 7568K, capacity 7897K, committed 7936K, reserved 1048576K
Event: 15.847 GC heap after
Heap after GC invocations=14 (full 2):
 PSYoungGen      total 225280K, used 18940K [0x00000007a0000000, 0x00000007afb00000, 0x00000007c0000000)
  eden space 206336K, 0% used [0x00000007a0000000,0x00000007a0000000,0x00000007ac980000)
  from space 18944K, 99% used [0x00000007adf00000,0x00000007af17f308,0x00000007af180000)
  to   space 22016K, 0% used [0x00000007ac980000,0x00000007ac980000,0x00000007adf00000)
 ParOldGen       total 95232K, used 22550K [0x0000000760000000, 0x0000000765d00000, 0x00000007a0000000)
  object space 95232K, 23% used [0x0000000760000000,0x0000000761605948,0x0000000765d00000)
 Metaspace       used 57567K, capacity 59042K, committed 59136K, reserved 1099776K
  class space    used 7568K, capacity 7897K, committed 7936K, reserved 1048576K
}
Event: 15.847 GC heap before
{Heap before GC invocations=15 (full 3):
 PSYoungGen      total 225280K, used 18940K [0x00000007a0000000, 0x00000007afb00000, 0x00000007c0000000)
  eden space 206336K, 0% used [0x00000007a0000000,0x00000007a0000000,0x00000007ac980000)
  from space 18944K, 99% used [0x00000007adf00000,0x00000007af17f308,0x00000007af180000)
  to   space 22016K, 0% used [0x00000007ac980000,0x00000007ac980000,0x00000007adf00000)
 ParOldGen       total 95232K, used 22550K [0x0000000760000000, 0x0000000765d00000, 0x00000007a0000000)
  object space 95232K, 23% used [0x0000000760000000,0x0000000761605948,0x0000000765d00000)
 Metaspace       used 57567K, capacity 59042K, committed 59136K, reserved 1099776K
  class space    used 7568K, capacity 7897K, committed 7936K, reserved 1048576K
Event: 16.182 GC heap after
Heap after GC invocations=15 (full 3):
 PSYoungGen      total 225280K, used 0K [0x00000007a0000000, 0x00000007afb00000, 0x00000007c0000000)
  eden space 206336K, 0% used [0x00000007a0000000,0x00000007a0000000,0x00000007ac980000)
  from space 18944K, 0% used [0x00000007adf00000,0x00000007adf00000,0x00000007af180000)
  to   space 22016K, 0% used [0x00000007ac980000,0x00000007ac980000,0x00000007adf00000)
 ParOldGen       total 141312K, used 35109K [0x0000000760000000, 0x0000000768a00000, 0x00000007a0000000)
  object space 141312K, 24% used [0x0000000760000000,0x00000007622496b8,0x0000000768a00000)
 Metaspace       used 57566K, capacity 59036K, committed 59136K, reserved 1099776K
  class space    used 7567K, capacity 7896K, committed 7936K, reserved 1048576K
}
Event: 16.275 GC heap before
{Heap before GC invocations=16 (full 3):
 PSYoungGen      total 225280K, used 8959K [0x00000007a0000000, 0x00000007afb00000, 0x00000007c0000000)
  eden space 206336K, 4% used [0x00000007a0000000,0x00000007a08bffd0,0x00000007ac980000)
  from space 18944K, 0% used [0x00000007adf00000,0x00000007adf00000,0x00000007af180000)
  to   space 22016K, 0% used [0x00000007ac980000,0x00000007ac980000,0x00000007adf00000)
 ParOldGen       total 141312K, used 35109K [0x0000000760000000, 0x0000000768a00000, 0x00000007a0000000)
  object space 141312K, 24% used [0x0000000760000000,0x00000007622496b8,0x0000000768a00000)
 Metaspace       used 58085K, capacity 59612K, committed 59776K, reserved 1101824K
  class space    used 7621K, capacity 7960K, committed 8064K, reserved 1048576K
Event: 16.279 GC heap after
Heap after GC invocations=16 (full 3):
 PSYoungGen      total 228352K, used 564K [0x00000007a0000000, 0x00000007b2b80000, 0x00000007c0000000)
  eden space 206336K, 0% used [0x00000007a0000000,0x00000007a0000000,0x00000007ac980000)
  from space 22016K, 2% used [0x00000007ac980000,0x00000007aca0d0b0,0x00000007adf00000)
  to   space 22528K, 0% used [0x00000007b1580000,0x00000007b1580000,0x00000007b2b80000)
 ParOldGen       total 141312K, used 35109K [0x0000000760000000, 0x0000000768a00000, 0x00000007a0000000)
  object space 141312K, 24% used [0x0000000760000000,0x00000007622496b8,0x0000000768a00000)
 Metaspace       used 58085K, capacity 59612K, committed 59776K, reserved 1101824K
  class space    used 7621K, capacity 7960K, committed 8064K, reserved 1048576K
}
Event: 16.279 GC heap before
{Heap before GC invocations=17 (full 4):
 PSYoungGen      total 228352K, used 564K [0x00000007a0000000, 0x00000007b2b80000, 0x00000007c0000000)
  eden space 206336K, 0% used [0x00000007a0000000,0x00000007a0000000,0x00000007ac980000)
  from space 22016K, 2% used [0x00000007ac980000,0x00000007aca0d0b0,0x00000007adf00000)
  to   space 22528K, 0% used [0x00000007b1580000,0x00000007b1580000,0x00000007b2b80000)
 ParOldGen       total 141312K, used 35109K [0x0000000760000000, 0x0000000768a00000, 0x00000007a0000000)
  object space 141312K, 24% used [0x0000000760000000,0x00000007622496b8,0x0000000768a00000)
 Metaspace       used 58085K, capacity 59612K, committed 59776K, reserved 1101824K
  class space    used 7621K, capacity 7960K, committed 8064K, reserved 1048576K
Event: 16.556 GC heap after
Heap after GC invocations=17 (full 4):
 PSYoungGen      total 228352K, used 0K [0x00000007a0000000, 0x00000007b2b80000, 0x00000007c0000000)
  eden space 206336K, 0% used [0x00000007a0000000,0x00000007a0000000,0x00000007ac980000)
  from space 22016K, 0% used [0x00000007ac980000,0x00000007ac980000,0x00000007adf00000)
  to   space 22528K, 0% used [0x00000007b1580000,0x00000007b1580000,0x00000007b2b80000)
 ParOldGen       total 141312K, used 33737K [0x0000000760000000, 0x0000000768a00000, 0x00000007a0000000)
  object space 141312K, 23% used [0x0000000760000000,0x00000007620f2540,0x0000000768a00000)
 Metaspace       used 58085K, capacity 59612K, committed 59776K, reserved 1101824K
  class space    used 7621K, capacity 7960K, committed 8064K, reserved 1048576K
}

